[0m[[0m[0mdebug[0m] [0m[0m> Exec(testOnly MultiplierTest -- -DwriteVcd=1, Some(1fd68ad5-5c2d-4ba9-842d-06eab5bc81c1), Some(CommandSource(console0)))[0m
[0m[[0m[0mdebug[0m] [0m[0mEvaluating tasks: Test / testOnly[0m
[0m[[0m[0mdebug[0m] [0m[0mRunning task... Cancel: Signal, check cycles: false, forcegc: true[0m
[0m[[0m[0minfo[0m] [0m[0mcompiling 1 Scala source to /home/fizza/Documents/mdu_rv32/target/scala-2.12/test-classes ...[0m
[0m[[0m[0minfo[0m] [0m[0m[32mMultiplierTest:[0m[0m
[0m[[0m[0minfo[0m] [0m[0m[31m- Multiplier Gate Test *** FAILED ***[0m[0m
[0m[[0m[0minfo[0m] [0m[0m[31m  java.lang.IllegalArgumentException: requirement failed: UInt literal -2 is negative[0m[0m
[0m[[0m[0minfo[0m] [0m[0m[31m  at scala.Predef$.require(Predef.scala:281)[0m[0m
[0m[[0m[0minfo[0m] [0m[0m[31m  at chisel3.internal.firrtl.ULit.<init>(IR.scala:109)[0m[0m
[0m[[0m[0minfo[0m] [0m[0m[31m  at chisel3.UIntFactory.Lit(UIntFactory.scala:19)[0m[0m
[0m[[0m[0minfo[0m] [0m[0m[31m  at chisel3.UIntFactory.Lit$(UIntFactory.scala:18)[0m[0m
[0m[[0m[0minfo[0m] [0m[0m[31m  at chisel3.package$UInt$.Lit(package.scala:164)[0m[0m
[0m[[0m[0minfo[0m] [0m[0m[31m  at chisel3.package$fromBigIntToLiteral.U(package.scala:40)[0m[0m
[0m[[0m[0minfo[0m] [0m[0m[31m  at MultiplierTest.$anonfun$new$3(MultiplierTest.scala:14)[0m[0m
[0m[[0m[0minfo[0m] [0m[0m[31m  at MultiplierTest.$anonfun$new$3$adapted(MultiplierTest.scala:12)[0m[0m
[0m[[0m[0minfo[0m] [0m[0m[31m  at chiseltest.backends.treadle.TreadleBackend.$anonfun$run$1(TreadleBackend.scala:152)[0m[0m
[0m[[0m[0minfo[0m] [0m[0m[31m  at chiseltest.internal.ThreadedBackend$TesterThread$$anon$1.$anonfun$run$1(ThreadedBackend.scala:507)[0m[0m
[0m[[0m[0minfo[0m] [0m[0m[31m  ...[0m[0m
[0m[[0m[0minfo[0m] [0m[0m[36mRun completed in 2 seconds, 629 milliseconds.[0m[0m
[0m[[0m[0minfo[0m] [0m[0m[36mTotal number of tests run: 1[0m[0m
[0m[[0m[0minfo[0m] [0m[0m[36mSuites: completed 1, aborted 0[0m[0m
[0m[[0m[0minfo[0m] [0m[0m[36mTests: succeeded 0, failed 1, canceled 0, ignored 0, pending 0[0m[0m
[0m[[0m[0minfo[0m] [0m[0m[31m*** 1 TEST FAILED ***[0m[0m
[0m[[0m[31merror[0m] [0m[0mFailed tests:[0m
[0m[[0m[31merror[0m] [0m[0m	MultiplierTest[0m
[0m[[0m[31merror[0m] [0m[0m(Test / [31mtestOnly[0m) sbt.TestsFailedException: Tests unsuccessful[0m
[0m[[0m[31merror[0m] [0m[0mTotal time: 4 s, completed Apr 20, 2022 12:39:28 PM[0m
[0m[[0m[0mdebug[0m] [0m[0m> Exec(shell, None, None)[0m
